<?xml version="1.0" encoding="UTF-8"?>
<!-- Generated by org.testng.reporters.JUnitReportReporter -->
<testsuite name="TestLocalRun" tests="1" time="1.607" ignored="0" failures="0" timestamp="06 Jan 2017 06:20:58 GMT" skipped="0" hostname="DIN16002798" errors="0">
  <testcase name="testGoogleSearch" time="1.607" classname="TestLocalRun"/>
</testsuite> <!-- TestLocalRun -->
